[0.823s] Invoking command in '/home/sagar/ros2_ws/src/my_camera_package': PYTHONPATH=/home/sagar/ros2_ws/build/my_camera_package/prefix_override:/usr/lib/python3/dist-packages/colcon_core/task/python/colcon_distutils_commands:/home/sagar/ros2_ws/install/my_camera_package/lib/python3.8/site-packages:${PYTHONPATH} /usr/bin/python3 -W ignore:setup.py install is deprecated setup.py egg_info --egg-base ../../build/my_camera_package build --build-base /home/sagar/ros2_ws/build/my_camera_package/build install --record /home/sagar/ros2_ws/build/my_camera_package/install.log --install-scripts $base/lib/my_camera_package --single-version-externally-managed
[1.013s] running egg_info
[1.013s] creating ../../build/my_camera_package/my_camera_package.egg-info
[1.014s] writing ../../build/my_camera_package/my_camera_package.egg-info/PKG-INFO
[1.014s] writing dependency_links to ../../build/my_camera_package/my_camera_package.egg-info/dependency_links.txt
[1.014s] writing entry points to ../../build/my_camera_package/my_camera_package.egg-info/entry_points.txt
[1.014s] writing requirements to ../../build/my_camera_package/my_camera_package.egg-info/requires.txt
[1.015s] writing top-level names to ../../build/my_camera_package/my_camera_package.egg-info/top_level.txt
[1.017s] writing manifest file '../../build/my_camera_package/my_camera_package.egg-info/SOURCES.txt'
[1.047s] reading manifest file '../../build/my_camera_package/my_camera_package.egg-info/SOURCES.txt'
[1.048s] writing manifest file '../../build/my_camera_package/my_camera_package.egg-info/SOURCES.txt'
[1.049s] running build
[1.049s] running build_py
[1.049s] creating /home/sagar/ros2_ws/build/my_camera_package/build
[1.050s] creating /home/sagar/ros2_ws/build/my_camera_package/build/lib
[1.050s] creating /home/sagar/ros2_ws/build/my_camera_package/build/lib/my_camera_package
[1.050s] copying my_camera_package/__init__.py -> /home/sagar/ros2_ws/build/my_camera_package/build/lib/my_camera_package
[1.050s] copying my_camera_package/image2.py -> /home/sagar/ros2_ws/build/my_camera_package/build/lib/my_camera_package
[1.050s] copying my_camera_package/occupancy_grid_map_node.py -> /home/sagar/ros2_ws/build/my_camera_package/build/lib/my_camera_package
[1.050s] copying my_camera_package/image_listener.py -> /home/sagar/ros2_ws/build/my_camera_package/build/lib/my_camera_package
[1.051s] copying my_camera_package/grid.py -> /home/sagar/ros2_ws/build/my_camera_package/build/lib/my_camera_package
[1.051s] running install
[1.052s] running install_lib
[1.054s] creating /home/sagar/ros2_ws/install/my_camera_package/lib/python3.8/site-packages/my_camera_package
[1.054s] copying /home/sagar/ros2_ws/build/my_camera_package/build/lib/my_camera_package/image_listener.py -> /home/sagar/ros2_ws/install/my_camera_package/lib/python3.8/site-packages/my_camera_package
[1.054s] copying /home/sagar/ros2_ws/build/my_camera_package/build/lib/my_camera_package/grid.py -> /home/sagar/ros2_ws/install/my_camera_package/lib/python3.8/site-packages/my_camera_package
[1.054s] copying /home/sagar/ros2_ws/build/my_camera_package/build/lib/my_camera_package/image2.py -> /home/sagar/ros2_ws/install/my_camera_package/lib/python3.8/site-packages/my_camera_package
[1.054s] copying /home/sagar/ros2_ws/build/my_camera_package/build/lib/my_camera_package/occupancy_grid_map_node.py -> /home/sagar/ros2_ws/install/my_camera_package/lib/python3.8/site-packages/my_camera_package
[1.055s] copying /home/sagar/ros2_ws/build/my_camera_package/build/lib/my_camera_package/__init__.py -> /home/sagar/ros2_ws/install/my_camera_package/lib/python3.8/site-packages/my_camera_package
[1.056s] byte-compiling /home/sagar/ros2_ws/install/my_camera_package/lib/python3.8/site-packages/my_camera_package/image_listener.py to image_listener.cpython-38.pyc
[1.059s] byte-compiling /home/sagar/ros2_ws/install/my_camera_package/lib/python3.8/site-packages/my_camera_package/grid.py to grid.cpython-38.pyc
[1.060s] byte-compiling /home/sagar/ros2_ws/install/my_camera_package/lib/python3.8/site-packages/my_camera_package/image2.py to image2.cpython-38.pyc
[1.061s] byte-compiling /home/sagar/ros2_ws/install/my_camera_package/lib/python3.8/site-packages/my_camera_package/occupancy_grid_map_node.py to occupancy_grid_map_node.cpython-38.pyc
[1.062s] byte-compiling /home/sagar/ros2_ws/install/my_camera_package/lib/python3.8/site-packages/my_camera_package/__init__.py to __init__.cpython-38.pyc
[1.062s] running install_egg_info
[1.064s] Copying ../../build/my_camera_package/my_camera_package.egg-info to /home/sagar/ros2_ws/install/my_camera_package/lib/python3.8/site-packages/my_camera_package-0.0.0-py3.8.egg-info
[1.064s] running install_scripts
[1.083s] Installing image2 script to /home/sagar/ros2_ws/install/my_camera_package/lib/my_camera_package
[1.083s] Installing occupancy_grid_map_node script to /home/sagar/ros2_ws/install/my_camera_package/lib/my_camera_package
[1.083s] writing list of installed files to '/home/sagar/ros2_ws/build/my_camera_package/install.log'
[1.126s] Invoked command in '/home/sagar/ros2_ws/src/my_camera_package' returned '0': PYTHONPATH=/home/sagar/ros2_ws/build/my_camera_package/prefix_override:/usr/lib/python3/dist-packages/colcon_core/task/python/colcon_distutils_commands:/home/sagar/ros2_ws/install/my_camera_package/lib/python3.8/site-packages:${PYTHONPATH} /usr/bin/python3 -W ignore:setup.py install is deprecated setup.py egg_info --egg-base ../../build/my_camera_package build --build-base /home/sagar/ros2_ws/build/my_camera_package/build install --record /home/sagar/ros2_ws/build/my_camera_package/install.log --install-scripts $base/lib/my_camera_package --single-version-externally-managed
