[1.161s] Invoking command in '/home/sagar/ros2_ws/src/my_camera_package': PYTHONPATH=/home/sagar/ros2_ws/build/my_camera_package/prefix_override:/usr/lib/python3/dist-packages/colcon_core/task/python/colcon_distutils_commands:/home/sagar/ros2_ws/install/my_camera_package/lib/python3.8/site-packages:${PYTHONPATH} /usr/bin/python3 -W ignore:setup.py install is deprecated setup.py egg_info --egg-base ../../build/my_camera_package build --build-base /home/sagar/ros2_ws/build/my_camera_package/build install --record /home/sagar/ros2_ws/build/my_camera_package/install.log --install-scripts $base/lib/my_camera_package --single-version-externally-managed
[1.373s] running egg_info
[1.374s] writing ../../build/my_camera_package/my_camera_package.egg-info/PKG-INFO
[1.375s] writing dependency_links to ../../build/my_camera_package/my_camera_package.egg-info/dependency_links.txt
[1.375s] writing entry points to ../../build/my_camera_package/my_camera_package.egg-info/entry_points.txt
[1.375s] writing requirements to ../../build/my_camera_package/my_camera_package.egg-info/requires.txt
[1.375s] writing top-level names to ../../build/my_camera_package/my_camera_package.egg-info/top_level.txt
[1.422s] reading manifest file '../../build/my_camera_package/my_camera_package.egg-info/SOURCES.txt'
[1.425s] writing manifest file '../../build/my_camera_package/my_camera_package.egg-info/SOURCES.txt'
[1.425s] running build
[1.425s] running build_py
[1.426s] copying my_camera_package/occupancy_grid_subscriber.py -> /home/sagar/ros2_ws/build/my_camera_package/build/lib/my_camera_package
[1.427s] running install
[1.428s] running install_lib
[1.430s] copying /home/sagar/ros2_ws/build/my_camera_package/build/lib/my_camera_package/occupancy_grid_subscriber.py -> /home/sagar/ros2_ws/install/my_camera_package/lib/python3.8/site-packages/my_camera_package
[1.433s] byte-compiling /home/sagar/ros2_ws/install/my_camera_package/lib/python3.8/site-packages/my_camera_package/occupancy_grid_subscriber.py to occupancy_grid_subscriber.cpython-38.pyc
[1.436s] running install_egg_info
[1.438s] removing '/home/sagar/ros2_ws/install/my_camera_package/lib/python3.8/site-packages/my_camera_package-0.0.0-py3.8.egg-info' (and everything under it)
[1.439s] Copying ../../build/my_camera_package/my_camera_package.egg-info to /home/sagar/ros2_ws/install/my_camera_package/lib/python3.8/site-packages/my_camera_package-0.0.0-py3.8.egg-info
[1.441s] running install_scripts
[1.466s] Installing image2 script to /home/sagar/ros2_ws/install/my_camera_package/lib/my_camera_package
[1.466s] Installing occupancy_grid_map_node script to /home/sagar/ros2_ws/install/my_camera_package/lib/my_camera_package
[1.468s] writing list of installed files to '/home/sagar/ros2_ws/build/my_camera_package/install.log'
[1.509s] Invoked command in '/home/sagar/ros2_ws/src/my_camera_package' returned '0': PYTHONPATH=/home/sagar/ros2_ws/build/my_camera_package/prefix_override:/usr/lib/python3/dist-packages/colcon_core/task/python/colcon_distutils_commands:/home/sagar/ros2_ws/install/my_camera_package/lib/python3.8/site-packages:${PYTHONPATH} /usr/bin/python3 -W ignore:setup.py install is deprecated setup.py egg_info --egg-base ../../build/my_camera_package build --build-base /home/sagar/ros2_ws/build/my_camera_package/build install --record /home/sagar/ros2_ws/build/my_camera_package/install.log --install-scripts $base/lib/my_camera_package --single-version-externally-managed
