[0.353s] DEBUG:colcon:Command line arguments: ['/usr/bin/colcon', 'build']
[0.353s] DEBUG:colcon:Parsed command line arguments: Namespace(allow_overriding=[], ament_cmake_args=None, base_paths=['.'], build_base='build', catkin_cmake_args=None, catkin_skip_building_tests=False, cmake_args=None, cmake_clean_cache=False, cmake_clean_first=False, cmake_force_configure=False, cmake_target=None, cmake_target_skip_unavailable=False, continue_on_error=False, event_handlers=None, executor='parallel', ignore_user_meta=False, install_base='install', log_base=None, log_level=None, main=<bound method BuildVerb.main of <colcon_core.verb.build.BuildVerb object at 0x7fd84cf8c700>>, merge_install=False, metas=['./colcon.meta'], packages_above=None, packages_above_and_dependencies=None, packages_above_depth=None, packages_end=None, packages_ignore=None, packages_ignore_regex=None, packages_select=None, packages_select_build_failed=False, packages_select_by_dep=None, packages_select_regex=None, packages_select_test_failures=False, packages_skip=None, packages_skip_build_finished=False, packages_skip_by_dep=None, packages_skip_regex=None, packages_skip_test_passed=False, packages_skip_up_to=None, packages_start=None, packages_up_to=None, packages_up_to_regex=None, parallel_workers=20, paths=None, symlink_install=False, test_result_base=None, verb_extension=<colcon_core.verb.build.BuildVerb object at 0x7fd84cf8c700>, verb_name='build', verb_parser=<colcon_defaults.argument_parser.defaults.DefaultArgumentsDecorator object at 0x7fd84cf8cbe0>)
[0.480s] Level 1:colcon.colcon_core.package_discovery:discover_packages(colcon_meta) check parameters
[0.480s] Level 1:colcon.colcon_core.package_discovery:discover_packages(recursive) check parameters
[0.480s] Level 1:colcon.colcon_core.package_discovery:discover_packages(ignore) check parameters
[0.480s] Level 1:colcon.colcon_core.package_discovery:discover_packages(path) check parameters
[0.480s] Level 1:colcon.colcon_core.package_discovery:discover_packages(colcon_meta) discover
[0.480s] Level 1:colcon.colcon_core.package_discovery:discover_packages(recursive) discover
[0.480s] INFO:colcon.colcon_core.package_discovery:Crawling recursively for packages in '/home/sagar/ros2_ws'
[0.480s] Level 1:colcon.colcon_core.package_identification:_identify(.) by extensions ['ignore', 'ignore_ament_install']
[0.481s] Level 1:colcon.colcon_core.package_identification:_identify(.) by extension 'ignore'
[0.481s] Level 1:colcon.colcon_core.package_identification:_identify(.) by extension 'ignore_ament_install'
[0.481s] Level 1:colcon.colcon_core.package_identification:_identify(.) by extensions ['colcon_pkg']
[0.481s] Level 1:colcon.colcon_core.package_identification:_identify(.) by extension 'colcon_pkg'
[0.481s] Level 1:colcon.colcon_core.package_identification:_identify(.) by extensions ['colcon_meta']
[0.481s] Level 1:colcon.colcon_core.package_identification:_identify(.) by extension 'colcon_meta'
[0.481s] Level 1:colcon.colcon_core.package_identification:_identify(.) by extensions ['ros']
[0.481s] Level 1:colcon.colcon_core.package_identification:_identify(.) by extension 'ros'
[0.493s] Level 1:colcon.colcon_core.package_identification:_identify(.) by extensions ['cmake', 'python']
[0.493s] Level 1:colcon.colcon_core.package_identification:_identify(.) by extension 'cmake'
[0.493s] Level 1:colcon.colcon_core.package_identification:_identify(.) by extension 'python'
[0.493s] Level 1:colcon.colcon_core.package_identification:_identify(.) by extensions ['python_setup_py']
[0.493s] Level 1:colcon.colcon_core.package_identification:_identify(.) by extension 'python_setup_py'
[0.494s] Level 1:colcon.colcon_core.package_identification:_identify(build) by extensions ['ignore', 'ignore_ament_install']
[0.494s] Level 1:colcon.colcon_core.package_identification:_identify(build) by extension 'ignore'
[0.494s] Level 1:colcon.colcon_core.package_identification:_identify(build) ignored
[0.494s] Level 1:colcon.colcon_core.package_identification:_identify(install) by extensions ['ignore', 'ignore_ament_install']
[0.494s] Level 1:colcon.colcon_core.package_identification:_identify(install) by extension 'ignore'
[0.494s] Level 1:colcon.colcon_core.package_identification:_identify(install) ignored
[0.494s] Level 1:colcon.colcon_core.package_identification:_identify(log) by extensions ['ignore', 'ignore_ament_install']
[0.494s] Level 1:colcon.colcon_core.package_identification:_identify(log) by extension 'ignore'
[0.495s] Level 1:colcon.colcon_core.package_identification:_identify(log) ignored
[0.495s] Level 1:colcon.colcon_core.package_identification:_identify(src) by extensions ['ignore', 'ignore_ament_install']
[0.495s] Level 1:colcon.colcon_core.package_identification:_identify(src) by extension 'ignore'
[0.495s] Level 1:colcon.colcon_core.package_identification:_identify(src) by extension 'ignore_ament_install'
[0.495s] Level 1:colcon.colcon_core.package_identification:_identify(src) by extensions ['colcon_pkg']
[0.495s] Level 1:colcon.colcon_core.package_identification:_identify(src) by extension 'colcon_pkg'
[0.495s] Level 1:colcon.colcon_core.package_identification:_identify(src) by extensions ['colcon_meta']
[0.495s] Level 1:colcon.colcon_core.package_identification:_identify(src) by extension 'colcon_meta'
[0.495s] Level 1:colcon.colcon_core.package_identification:_identify(src) by extensions ['ros']
[0.495s] Level 1:colcon.colcon_core.package_identification:_identify(src) by extension 'ros'
[0.495s] Level 1:colcon.colcon_core.package_identification:_identify(src) by extensions ['cmake', 'python']
[0.495s] Level 1:colcon.colcon_core.package_identification:_identify(src) by extension 'cmake'
[0.495s] Level 1:colcon.colcon_core.package_identification:_identify(src) by extension 'python'
[0.495s] Level 1:colcon.colcon_core.package_identification:_identify(src) by extensions ['python_setup_py']
[0.495s] Level 1:colcon.colcon_core.package_identification:_identify(src) by extension 'python_setup_py'
[0.495s] Level 1:colcon.colcon_core.package_identification:_identify(src/env_map) by extensions ['ignore', 'ignore_ament_install']
[0.495s] Level 1:colcon.colcon_core.package_identification:_identify(src/env_map) by extension 'ignore'
[0.495s] Level 1:colcon.colcon_core.package_identification:_identify(src/env_map) by extension 'ignore_ament_install'
[0.496s] Level 1:colcon.colcon_core.package_identification:_identify(src/env_map) by extensions ['colcon_pkg']
[0.496s] Level 1:colcon.colcon_core.package_identification:_identify(src/env_map) by extension 'colcon_pkg'
[0.496s] Level 1:colcon.colcon_core.package_identification:_identify(src/env_map) by extensions ['colcon_meta']
[0.496s] Level 1:colcon.colcon_core.package_identification:_identify(src/env_map) by extension 'colcon_meta'
[0.496s] Level 1:colcon.colcon_core.package_identification:_identify(src/env_map) by extensions ['ros']
[0.496s] Level 1:colcon.colcon_core.package_identification:_identify(src/env_map) by extension 'ros'
[0.498s] DEBUG:colcon.colcon_core.package_identification:Package 'src/env_map' with type 'ros.ament_python' and name 'env_map'
[0.499s] Level 1:colcon.colcon_core.package_identification:_identify(src/image_processing) by extensions ['ignore', 'ignore_ament_install']
[0.499s] Level 1:colcon.colcon_core.package_identification:_identify(src/image_processing) by extension 'ignore'
[0.499s] Level 1:colcon.colcon_core.package_identification:_identify(src/image_processing) by extension 'ignore_ament_install'
[0.499s] Level 1:colcon.colcon_core.package_identification:_identify(src/image_processing) by extensions ['colcon_pkg']
[0.499s] Level 1:colcon.colcon_core.package_identification:_identify(src/image_processing) by extension 'colcon_pkg'
[0.499s] Level 1:colcon.colcon_core.package_identification:_identify(src/image_processing) by extensions ['colcon_meta']
[0.499s] Level 1:colcon.colcon_core.package_identification:_identify(src/image_processing) by extension 'colcon_meta'
[0.499s] Level 1:colcon.colcon_core.package_identification:_identify(src/image_processing) by extensions ['ros']
[0.499s] Level 1:colcon.colcon_core.package_identification:_identify(src/image_processing) by extension 'ros'
[0.499s] Level 1:colcon.colcon_core.package_identification:_identify(src/image_processing) by extensions ['cmake', 'python']
[0.499s] Level 1:colcon.colcon_core.package_identification:_identify(src/image_processing) by extension 'cmake'
[0.499s] Level 1:colcon.colcon_core.package_identification:_identify(src/image_processing) by extension 'python'
[0.499s] Level 1:colcon.colcon_core.package_identification:_identify(src/image_processing) by extensions ['python_setup_py']
[0.499s] Level 1:colcon.colcon_core.package_identification:_identify(src/image_processing) by extension 'python_setup_py'
[0.499s] Level 1:colcon.colcon_core.package_identification:_identify(src/my_camera_package) by extensions ['ignore', 'ignore_ament_install']
[0.500s] Level 1:colcon.colcon_core.package_identification:_identify(src/my_camera_package) by extension 'ignore'
[0.500s] Level 1:colcon.colcon_core.package_identification:_identify(src/my_camera_package) by extension 'ignore_ament_install'
[0.500s] Level 1:colcon.colcon_core.package_identification:_identify(src/my_camera_package) by extensions ['colcon_pkg']
[0.500s] Level 1:colcon.colcon_core.package_identification:_identify(src/my_camera_package) by extension 'colcon_pkg'
[0.500s] Level 1:colcon.colcon_core.package_identification:_identify(src/my_camera_package) by extensions ['colcon_meta']
[0.500s] Level 1:colcon.colcon_core.package_identification:_identify(src/my_camera_package) by extension 'colcon_meta'
[0.500s] Level 1:colcon.colcon_core.package_identification:_identify(src/my_camera_package) by extensions ['ros']
[0.500s] Level 1:colcon.colcon_core.package_identification:_identify(src/my_camera_package) by extension 'ros'
[0.502s] DEBUG:colcon.colcon_core.package_identification:Package 'src/my_camera_package' with type 'ros.ament_python' and name 'my_camera_package'
[0.502s] Level 1:colcon.colcon_core.package_identification:_identify(src/my_robot_package) by extensions ['ignore', 'ignore_ament_install']
[0.502s] Level 1:colcon.colcon_core.package_identification:_identify(src/my_robot_package) by extension 'ignore'
[0.503s] Level 1:colcon.colcon_core.package_identification:_identify(src/my_robot_package) by extension 'ignore_ament_install'
[0.503s] Level 1:colcon.colcon_core.package_identification:_identify(src/my_robot_package) by extensions ['colcon_pkg']
[0.503s] Level 1:colcon.colcon_core.package_identification:_identify(src/my_robot_package) by extension 'colcon_pkg'
[0.503s] Level 1:colcon.colcon_core.package_identification:_identify(src/my_robot_package) by extensions ['colcon_meta']
[0.503s] Level 1:colcon.colcon_core.package_identification:_identify(src/my_robot_package) by extension 'colcon_meta'
[0.503s] Level 1:colcon.colcon_core.package_identification:_identify(src/my_robot_package) by extensions ['ros']
[0.503s] Level 1:colcon.colcon_core.package_identification:_identify(src/my_robot_package) by extension 'ros'
[0.504s] DEBUG:colcon.colcon_core.package_identification:Package 'src/my_robot_package' with type 'ros.ament_python' and name 'my_robot_package'
[0.505s] Level 1:colcon.colcon_core.package_discovery:discover_packages(recursive) using defaults
[0.505s] Level 1:colcon.colcon_core.package_discovery:discover_packages(ignore) discover
[0.505s] Level 1:colcon.colcon_core.package_discovery:discover_packages(ignore) using defaults
[0.505s] Level 1:colcon.colcon_core.package_discovery:discover_packages(path) discover
[0.505s] Level 1:colcon.colcon_core.package_discovery:discover_packages(path) using defaults
[0.526s] Level 1:colcon.colcon_core.package_discovery:discover_packages(prefix_path) check parameters
[0.526s] Level 1:colcon.colcon_core.package_discovery:discover_packages(prefix_path) discover
[0.528s] DEBUG:colcon.colcon_installed_package_information.package_discovery:Found 1 installed packages in /home/sagar/ros2_ws/src/env_map/install
[0.528s] DEBUG:colcon.colcon_installed_package_information.package_discovery:Found 3 installed packages in /home/sagar/turtlebot3_ws/install
[0.528s] DEBUG:colcon.colcon_installed_package_information.package_discovery:Found 0 installed packages in /home/sagar/colcon_ws/install
[0.529s] DEBUG:colcon.colcon_installed_package_information.package_discovery:Found 373 installed packages in /opt/ros/foxy
[0.532s] Level 1:colcon.colcon_core.package_discovery:discover_packages(prefix_path) using defaults
[0.614s] Level 5:colcon.colcon_core.verb:set package 'env_map' build argument 'cmake_args' from command line to 'None'
[0.614s] Level 5:colcon.colcon_core.verb:set package 'env_map' build argument 'cmake_target' from command line to 'None'
[0.614s] Level 5:colcon.colcon_core.verb:set package 'env_map' build argument 'cmake_target_skip_unavailable' from command line to 'False'
[0.614s] Level 5:colcon.colcon_core.verb:set package 'env_map' build argument 'cmake_clean_cache' from command line to 'False'
[0.614s] Level 5:colcon.colcon_core.verb:set package 'env_map' build argument 'cmake_clean_first' from command line to 'False'
[0.614s] Level 5:colcon.colcon_core.verb:set package 'env_map' build argument 'cmake_force_configure' from command line to 'False'
[0.614s] Level 5:colcon.colcon_core.verb:set package 'env_map' build argument 'ament_cmake_args' from command line to 'None'
[0.614s] Level 5:colcon.colcon_core.verb:set package 'env_map' build argument 'catkin_cmake_args' from command line to 'None'
[0.614s] Level 5:colcon.colcon_core.verb:set package 'env_map' build argument 'catkin_skip_building_tests' from command line to 'False'
[0.614s] DEBUG:colcon.colcon_core.verb:Building package 'env_map' with the following arguments: {'ament_cmake_args': None, 'build_base': '/home/sagar/ros2_ws/build/env_map', 'catkin_cmake_args': None, 'catkin_skip_building_tests': False, 'cmake_args': None, 'cmake_clean_cache': False, 'cmake_clean_first': False, 'cmake_force_configure': False, 'cmake_target': None, 'cmake_target_skip_unavailable': False, 'install_base': '/home/sagar/ros2_ws/install/env_map', 'merge_install': False, 'path': '/home/sagar/ros2_ws/src/env_map', 'symlink_install': False, 'test_result_base': None}
[0.615s] Level 5:colcon.colcon_core.verb:set package 'my_camera_package' build argument 'cmake_args' from command line to 'None'
[0.615s] Level 5:colcon.colcon_core.verb:set package 'my_camera_package' build argument 'cmake_target' from command line to 'None'
[0.615s] Level 5:colcon.colcon_core.verb:set package 'my_camera_package' build argument 'cmake_target_skip_unavailable' from command line to 'False'
[0.615s] Level 5:colcon.colcon_core.verb:set package 'my_camera_package' build argument 'cmake_clean_cache' from command line to 'False'
[0.615s] Level 5:colcon.colcon_core.verb:set package 'my_camera_package' build argument 'cmake_clean_first' from command line to 'False'
[0.615s] Level 5:colcon.colcon_core.verb:set package 'my_camera_package' build argument 'cmake_force_configure' from command line to 'False'
[0.615s] Level 5:colcon.colcon_core.verb:set package 'my_camera_package' build argument 'ament_cmake_args' from command line to 'None'
[0.615s] Level 5:colcon.colcon_core.verb:set package 'my_camera_package' build argument 'catkin_cmake_args' from command line to 'None'
[0.615s] Level 5:colcon.colcon_core.verb:set package 'my_camera_package' build argument 'catkin_skip_building_tests' from command line to 'False'
[0.615s] DEBUG:colcon.colcon_core.verb:Building package 'my_camera_package' with the following arguments: {'ament_cmake_args': None, 'build_base': '/home/sagar/ros2_ws/build/my_camera_package', 'catkin_cmake_args': None, 'catkin_skip_building_tests': False, 'cmake_args': None, 'cmake_clean_cache': False, 'cmake_clean_first': False, 'cmake_force_configure': False, 'cmake_target': None, 'cmake_target_skip_unavailable': False, 'install_base': '/home/sagar/ros2_ws/install/my_camera_package', 'merge_install': False, 'path': '/home/sagar/ros2_ws/src/my_camera_package', 'symlink_install': False, 'test_result_base': None}
[0.615s] Level 5:colcon.colcon_core.verb:set package 'my_robot_package' build argument 'cmake_args' from command line to 'None'
[0.615s] Level 5:colcon.colcon_core.verb:set package 'my_robot_package' build argument 'cmake_target' from command line to 'None'
[0.615s] Level 5:colcon.colcon_core.verb:set package 'my_robot_package' build argument 'cmake_target_skip_unavailable' from command line to 'False'
[0.615s] Level 5:colcon.colcon_core.verb:set package 'my_robot_package' build argument 'cmake_clean_cache' from command line to 'False'
[0.615s] Level 5:colcon.colcon_core.verb:set package 'my_robot_package' build argument 'cmake_clean_first' from command line to 'False'
[0.615s] Level 5:colcon.colcon_core.verb:set package 'my_robot_package' build argument 'cmake_force_configure' from command line to 'False'
[0.615s] Level 5:colcon.colcon_core.verb:set package 'my_robot_package' build argument 'ament_cmake_args' from command line to 'None'
[0.615s] Level 5:colcon.colcon_core.verb:set package 'my_robot_package' build argument 'catkin_cmake_args' from command line to 'None'
[0.615s] Level 5:colcon.colcon_core.verb:set package 'my_robot_package' build argument 'catkin_skip_building_tests' from command line to 'False'
[0.615s] DEBUG:colcon.colcon_core.verb:Building package 'my_robot_package' with the following arguments: {'ament_cmake_args': None, 'build_base': '/home/sagar/ros2_ws/build/my_robot_package', 'catkin_cmake_args': None, 'catkin_skip_building_tests': False, 'cmake_args': None, 'cmake_clean_cache': False, 'cmake_clean_first': False, 'cmake_force_configure': False, 'cmake_target': None, 'cmake_target_skip_unavailable': False, 'install_base': '/home/sagar/ros2_ws/install/my_robot_package', 'merge_install': False, 'path': '/home/sagar/ros2_ws/src/my_robot_package', 'symlink_install': False, 'test_result_base': None}
[0.615s] INFO:colcon.colcon_core.executor:Executing jobs using 'parallel' executor
[0.616s] DEBUG:colcon.colcon_parallel_executor.executor.parallel:run_until_complete
[0.617s] INFO:colcon.colcon_ros.task.ament_python.build:Building ROS package in '/home/sagar/ros2_ws/src/env_map' with build type 'ament_python'
[0.617s] Level 1:colcon.colcon_core.shell:create_environment_hook('env_map', 'ament_prefix_path')
[0.620s] INFO:colcon.colcon_core.plugin_system:Skipping extension 'colcon_core.shell.bat': Not used on non-Windows systems
[0.620s] INFO:colcon.colcon_core.shell:Creating environment hook '/home/sagar/ros2_ws/install/env_map/share/env_map/hook/ament_prefix_path.ps1'
[0.622s] INFO:colcon.colcon_core.shell:Creating environment descriptor '/home/sagar/ros2_ws/install/env_map/share/env_map/hook/ament_prefix_path.dsv'
[0.622s] INFO:colcon.colcon_core.shell:Creating environment hook '/home/sagar/ros2_ws/install/env_map/share/env_map/hook/ament_prefix_path.sh'
[0.623s] INFO:colcon.colcon_core.shell:Skip shell extension 'powershell' for command environment: Not usable outside of PowerShell
[0.623s] DEBUG:colcon.colcon_core.shell:Skip shell extension 'dsv' for command environment
[0.630s] INFO:colcon.colcon_ros.task.ament_python.build:Building ROS package in '/home/sagar/ros2_ws/src/my_camera_package' with build type 'ament_python'
[0.631s] Level 1:colcon.colcon_core.shell:create_environment_hook('my_camera_package', 'ament_prefix_path')
[0.631s] INFO:colcon.colcon_core.shell:Creating environment hook '/home/sagar/ros2_ws/install/my_camera_package/share/my_camera_package/hook/ament_prefix_path.ps1'
[0.633s] INFO:colcon.colcon_core.shell:Creating environment descriptor '/home/sagar/ros2_ws/install/my_camera_package/share/my_camera_package/hook/ament_prefix_path.dsv'
[0.633s] INFO:colcon.colcon_core.shell:Creating environment hook '/home/sagar/ros2_ws/install/my_camera_package/share/my_camera_package/hook/ament_prefix_path.sh'
[0.634s] INFO:colcon.colcon_core.shell:Skip shell extension 'powershell' for command environment: Not usable outside of PowerShell
[0.634s] DEBUG:colcon.colcon_core.shell:Skip shell extension 'dsv' for command environment
[0.640s] INFO:colcon.colcon_ros.task.ament_python.build:Building ROS package in '/home/sagar/ros2_ws/src/my_robot_package' with build type 'ament_python'
[0.641s] Level 1:colcon.colcon_core.shell:create_environment_hook('my_robot_package', 'ament_prefix_path')
[0.641s] INFO:colcon.colcon_core.shell:Creating environment hook '/home/sagar/ros2_ws/install/my_robot_package/share/my_robot_package/hook/ament_prefix_path.ps1'
[0.642s] INFO:colcon.colcon_core.shell:Creating environment descriptor '/home/sagar/ros2_ws/install/my_robot_package/share/my_robot_package/hook/ament_prefix_path.dsv'
[0.643s] INFO:colcon.colcon_core.shell:Creating environment hook '/home/sagar/ros2_ws/install/my_robot_package/share/my_robot_package/hook/ament_prefix_path.sh'
[0.644s] INFO:colcon.colcon_core.shell:Skip shell extension 'powershell' for command environment: Not usable outside of PowerShell
[0.644s] DEBUG:colcon.colcon_core.shell:Skip shell extension 'dsv' for command environment
[0.882s] INFO:colcon.colcon_core.task.python.build:Building Python package in '/home/sagar/ros2_ws/src/env_map'
[0.883s] INFO:colcon.colcon_core.shell:Skip shell extension 'powershell' for command environment: Not usable outside of PowerShell
[0.883s] DEBUG:colcon.colcon_core.shell:Skip shell extension 'dsv' for command environment
[1.099s] WARNING:colcon.colcon_ros.task.ament_python.build:Package 'my_camera_package' doesn't explicitly install a marker in the package index (colcon-ros currently does it implicitly but that fallback will be removed in the future)
[1.100s] WARNING:colcon.colcon_ros.task.ament_python.build:Package 'my_camera_package' doesn't explicitly install the 'package.xml' file (colcon-ros currently does it implicitly but that fallback will be removed in the future)
[1.100s] INFO:colcon.colcon_core.task.python.build:Building Python package in '/home/sagar/ros2_ws/src/my_camera_package'
[1.101s] INFO:colcon.colcon_core.shell:Skip shell extension 'powershell' for command environment: Not usable outside of PowerShell
[1.101s] DEBUG:colcon.colcon_core.shell:Skip shell extension 'dsv' for command environment
[1.328s] WARNING:colcon.colcon_ros.task.ament_python.build:Package 'my_robot_package' doesn't explicitly install a marker in the package index (colcon-ros currently does it implicitly but that fallback will be removed in the future)
[1.329s] WARNING:colcon.colcon_ros.task.ament_python.build:Package 'my_robot_package' doesn't explicitly install the 'package.xml' file (colcon-ros currently does it implicitly but that fallback will be removed in the future)
[1.329s] INFO:colcon.colcon_core.task.python.build:Building Python package in '/home/sagar/ros2_ws/src/my_robot_package'
[1.330s] INFO:colcon.colcon_core.shell:Skip shell extension 'powershell' for command environment: Not usable outside of PowerShell
[1.330s] DEBUG:colcon.colcon_core.shell:Skip shell extension 'dsv' for command environment
[1.793s] DEBUG:colcon.colcon_core.event_handler.log_command:Invoking command in '/home/sagar/ros2_ws/src/my_camera_package': PYTHONPATH=/home/sagar/ros2_ws/build/my_camera_package/prefix_override:/usr/lib/python3/dist-packages/colcon_core/task/python/colcon_distutils_commands:/home/sagar/ros2_ws/install/my_camera_package/lib/python3.8/site-packages:${PYTHONPATH} /usr/bin/python3 -W ignore:setup.py install is deprecated setup.py egg_info --egg-base ../../build/my_camera_package build --build-base /home/sagar/ros2_ws/build/my_camera_package/build install --record /home/sagar/ros2_ws/build/my_camera_package/install.log --install-scripts $base/lib/my_camera_package --single-version-externally-managed
[1.808s] DEBUG:colcon.colcon_core.event_handler.log_command:Invoking command in '/home/sagar/ros2_ws/src/my_robot_package': PYTHONPATH=/home/sagar/ros2_ws/build/my_robot_package/prefix_override:/usr/lib/python3/dist-packages/colcon_core/task/python/colcon_distutils_commands:/home/sagar/ros2_ws/install/my_robot_package/lib/python3.8/site-packages:${PYTHONPATH} /usr/bin/python3 -W ignore:setup.py install is deprecated setup.py egg_info --egg-base ../../build/my_robot_package build --build-base /home/sagar/ros2_ws/build/my_robot_package/build install --record /home/sagar/ros2_ws/build/my_robot_package/install.log --single-version-externally-managed
[1.818s] DEBUG:colcon.colcon_core.event_handler.log_command:Invoking command in '/home/sagar/ros2_ws/src/env_map': PYTHONPATH=/home/sagar/ros2_ws/build/env_map/prefix_override:/usr/lib/python3/dist-packages/colcon_core/task/python/colcon_distutils_commands:/home/sagar/ros2_ws/install/env_map/lib/python3.8/site-packages:${PYTHONPATH} /usr/bin/python3 -W ignore:setup.py install is deprecated setup.py egg_info --egg-base ../../build/env_map build --build-base /home/sagar/ros2_ws/build/env_map/build install --record /home/sagar/ros2_ws/build/env_map/install.log --install-scripts $base/lib/env_map --single-version-externally-managed install_data
[2.141s] DEBUG:colcon.colcon_core.event_handler.log_command:Invoked command in '/home/sagar/ros2_ws/src/my_camera_package' returned '0': PYTHONPATH=/home/sagar/ros2_ws/build/my_camera_package/prefix_override:/usr/lib/python3/dist-packages/colcon_core/task/python/colcon_distutils_commands:/home/sagar/ros2_ws/install/my_camera_package/lib/python3.8/site-packages:${PYTHONPATH} /usr/bin/python3 -W ignore:setup.py install is deprecated setup.py egg_info --egg-base ../../build/my_camera_package build --build-base /home/sagar/ros2_ws/build/my_camera_package/build install --record /home/sagar/ros2_ws/build/my_camera_package/install.log --install-scripts $base/lib/my_camera_package --single-version-externally-managed
[2.144s] Level 1:colcon.colcon_core.environment:checking '/home/sagar/ros2_ws/install/my_camera_package' for CMake module files
[2.145s] Level 1:colcon.colcon_core.environment:checking '/home/sagar/ros2_ws/install/my_camera_package' for CMake config files
[2.150s] Level 1:colcon.colcon_core.environment:checking '/home/sagar/ros2_ws/install/my_camera_package/lib'
[2.150s] Level 1:colcon.colcon_core.environment:checking '/home/sagar/ros2_ws/install/my_camera_package/bin'
[2.150s] Level 1:colcon.colcon_core.environment:checking '/home/sagar/ros2_ws/install/my_camera_package/lib/pkgconfig/my_camera_package.pc'
[2.150s] Level 1:colcon.colcon_core.environment:checking '/home/sagar/ros2_ws/install/my_camera_package/lib/python3.8/site-packages'
[2.150s] Level 1:colcon.colcon_core.shell:create_environment_hook('my_camera_package', 'pythonpath')
[2.150s] INFO:colcon.colcon_core.shell:Creating environment hook '/home/sagar/ros2_ws/install/my_camera_package/share/my_camera_package/hook/pythonpath.ps1'
[2.151s] INFO:colcon.colcon_core.shell:Creating environment descriptor '/home/sagar/ros2_ws/install/my_camera_package/share/my_camera_package/hook/pythonpath.dsv'
[2.152s] INFO:colcon.colcon_core.shell:Creating environment hook '/home/sagar/ros2_ws/install/my_camera_package/share/my_camera_package/hook/pythonpath.sh'
[2.152s] Level 1:colcon.colcon_core.environment:checking '/home/sagar/ros2_ws/install/my_camera_package/bin'
[2.153s] Level 1:colcon.colcon_core.environment:create_environment_scripts_only(my_camera_package)
[2.153s] INFO:colcon.colcon_core.shell:Creating package script '/home/sagar/ros2_ws/install/my_camera_package/share/my_camera_package/package.ps1'
[2.155s] INFO:colcon.colcon_core.shell:Creating package descriptor '/home/sagar/ros2_ws/install/my_camera_package/share/my_camera_package/package.dsv'
[2.155s] INFO:colcon.colcon_core.shell:Creating package script '/home/sagar/ros2_ws/install/my_camera_package/share/my_camera_package/package.sh'
[2.156s] INFO:colcon.colcon_core.shell:Creating package script '/home/sagar/ros2_ws/install/my_camera_package/share/my_camera_package/package.bash'
[2.156s] INFO:colcon.colcon_core.shell:Creating package script '/home/sagar/ros2_ws/install/my_camera_package/share/my_camera_package/package.zsh'
[2.157s] Level 1:colcon.colcon_core.environment:create_file_with_runtime_dependencies(/home/sagar/ros2_ws/install/my_camera_package/share/colcon-core/packages/my_camera_package)
[2.161s] Level 1:colcon.colcon_core.environment:checking '/home/sagar/ros2_ws/install/my_robot_package' for CMake module files
[2.161s] DEBUG:colcon.colcon_core.event_handler.log_command:Invoked command in '/home/sagar/ros2_ws/src/my_robot_package' returned '0': PYTHONPATH=/home/sagar/ros2_ws/build/my_robot_package/prefix_override:/usr/lib/python3/dist-packages/colcon_core/task/python/colcon_distutils_commands:/home/sagar/ros2_ws/install/my_robot_package/lib/python3.8/site-packages:${PYTHONPATH} /usr/bin/python3 -W ignore:setup.py install is deprecated setup.py egg_info --egg-base ../../build/my_robot_package build --build-base /home/sagar/ros2_ws/build/my_robot_package/build install --record /home/sagar/ros2_ws/build/my_robot_package/install.log --single-version-externally-managed
[2.163s] Level 1:colcon.colcon_core.environment:checking '/home/sagar/ros2_ws/install/my_robot_package' for CMake config files
[2.167s] Level 1:colcon.colcon_core.environment:checking '/home/sagar/ros2_ws/install/my_robot_package/lib'
[2.168s] Level 1:colcon.colcon_core.environment:checking '/home/sagar/ros2_ws/install/my_robot_package/bin'
[2.168s] Level 1:colcon.colcon_core.shell:create_environment_hook('my_robot_package', 'path')
[2.168s] INFO:colcon.colcon_core.shell:Creating environment hook '/home/sagar/ros2_ws/install/my_robot_package/share/my_robot_package/hook/path.ps1'
[2.168s] INFO:colcon.colcon_core.shell:Creating environment descriptor '/home/sagar/ros2_ws/install/my_robot_package/share/my_robot_package/hook/path.dsv'
[2.169s] INFO:colcon.colcon_core.shell:Creating environment hook '/home/sagar/ros2_ws/install/my_robot_package/share/my_robot_package/hook/path.sh'
[2.169s] Level 1:colcon.colcon_core.environment:checking '/home/sagar/ros2_ws/install/my_robot_package/lib/pkgconfig/my_robot_package.pc'
[2.169s] Level 1:colcon.colcon_core.environment:checking '/home/sagar/ros2_ws/install/my_robot_package/lib/python3.8/site-packages'
[2.169s] Level 1:colcon.colcon_core.shell:create_environment_hook('my_robot_package', 'pythonpath')
[2.170s] INFO:colcon.colcon_core.shell:Creating environment hook '/home/sagar/ros2_ws/install/my_robot_package/share/my_robot_package/hook/pythonpath.ps1'
[2.170s] INFO:colcon.colcon_core.shell:Creating environment descriptor '/home/sagar/ros2_ws/install/my_robot_package/share/my_robot_package/hook/pythonpath.dsv'
[2.170s] INFO:colcon.colcon_core.shell:Creating environment hook '/home/sagar/ros2_ws/install/my_robot_package/share/my_robot_package/hook/pythonpath.sh'
[2.171s] Level 1:colcon.colcon_core.environment:checking '/home/sagar/ros2_ws/install/my_robot_package/bin'
[2.171s] Level 1:colcon.colcon_core.shell:create_environment_hook('my_robot_package', 'pythonscriptspath')
[2.171s] INFO:colcon.colcon_core.shell:Creating environment hook '/home/sagar/ros2_ws/install/my_robot_package/share/my_robot_package/hook/pythonscriptspath.ps1'
[2.172s] INFO:colcon.colcon_core.shell:Creating environment descriptor '/home/sagar/ros2_ws/install/my_robot_package/share/my_robot_package/hook/pythonscriptspath.dsv'
[2.172s] INFO:colcon.colcon_core.shell:Creating environment hook '/home/sagar/ros2_ws/install/my_robot_package/share/my_robot_package/hook/pythonscriptspath.sh'
[2.172s] Level 1:colcon.colcon_core.environment:create_environment_scripts_only(my_robot_package)
[2.173s] INFO:colcon.colcon_core.shell:Creating package script '/home/sagar/ros2_ws/install/my_robot_package/share/my_robot_package/package.ps1'
[2.173s] INFO:colcon.colcon_core.shell:Creating package descriptor '/home/sagar/ros2_ws/install/my_robot_package/share/my_robot_package/package.dsv'
[2.173s] INFO:colcon.colcon_core.shell:Creating package script '/home/sagar/ros2_ws/install/my_robot_package/share/my_robot_package/package.sh'
[2.174s] INFO:colcon.colcon_core.shell:Creating package script '/home/sagar/ros2_ws/install/my_robot_package/share/my_robot_package/package.bash'
[2.174s] INFO:colcon.colcon_core.shell:Creating package script '/home/sagar/ros2_ws/install/my_robot_package/share/my_robot_package/package.zsh'
[2.174s] Level 1:colcon.colcon_core.environment:create_file_with_runtime_dependencies(/home/sagar/ros2_ws/install/my_robot_package/share/colcon-core/packages/my_robot_package)
[2.175s] Level 1:colcon.colcon_core.environment:checking '/home/sagar/ros2_ws/install/env_map' for CMake module files
[2.176s] Level 1:colcon.colcon_core.environment:checking '/home/sagar/ros2_ws/install/env_map' for CMake config files
[2.178s] DEBUG:colcon.colcon_core.event_handler.log_command:Invoked command in '/home/sagar/ros2_ws/src/env_map' returned '0': PYTHONPATH=/home/sagar/ros2_ws/build/env_map/prefix_override:/usr/lib/python3/dist-packages/colcon_core/task/python/colcon_distutils_commands:/home/sagar/ros2_ws/install/env_map/lib/python3.8/site-packages:${PYTHONPATH} /usr/bin/python3 -W ignore:setup.py install is deprecated setup.py egg_info --egg-base ../../build/env_map build --build-base /home/sagar/ros2_ws/build/env_map/build install --record /home/sagar/ros2_ws/build/env_map/install.log --install-scripts $base/lib/env_map --single-version-externally-managed install_data
[2.179s] Level 1:colcon.colcon_core.environment:checking '/home/sagar/ros2_ws/install/env_map/lib'
[2.179s] Level 1:colcon.colcon_core.environment:checking '/home/sagar/ros2_ws/install/env_map/bin'
[2.179s] Level 1:colcon.colcon_core.environment:checking '/home/sagar/ros2_ws/install/env_map/lib/pkgconfig/env_map.pc'
[2.180s] Level 1:colcon.colcon_core.environment:checking '/home/sagar/ros2_ws/install/env_map/lib/python3.8/site-packages'
[2.180s] Level 1:colcon.colcon_core.shell:create_environment_hook('env_map', 'pythonpath')
[2.181s] INFO:colcon.colcon_core.shell:Creating environment hook '/home/sagar/ros2_ws/install/env_map/share/env_map/hook/pythonpath.ps1'
[2.182s] INFO:colcon.colcon_core.shell:Creating environment descriptor '/home/sagar/ros2_ws/install/env_map/share/env_map/hook/pythonpath.dsv'
[2.182s] INFO:colcon.colcon_core.shell:Creating environment hook '/home/sagar/ros2_ws/install/env_map/share/env_map/hook/pythonpath.sh'
[2.183s] Level 1:colcon.colcon_core.environment:checking '/home/sagar/ros2_ws/install/env_map/bin'
[2.183s] Level 1:colcon.colcon_core.environment:create_environment_scripts_only(env_map)
[2.183s] INFO:colcon.colcon_core.shell:Creating package script '/home/sagar/ros2_ws/install/env_map/share/env_map/package.ps1'
[2.183s] INFO:colcon.colcon_core.shell:Creating package descriptor '/home/sagar/ros2_ws/install/env_map/share/env_map/package.dsv'
[2.184s] INFO:colcon.colcon_core.shell:Creating package script '/home/sagar/ros2_ws/install/env_map/share/env_map/package.sh'
[2.184s] INFO:colcon.colcon_core.shell:Creating package script '/home/sagar/ros2_ws/install/env_map/share/env_map/package.bash'
[2.184s] INFO:colcon.colcon_core.shell:Creating package script '/home/sagar/ros2_ws/install/env_map/share/env_map/package.zsh'
[2.184s] Level 1:colcon.colcon_core.environment:create_file_with_runtime_dependencies(/home/sagar/ros2_ws/install/env_map/share/colcon-core/packages/env_map)
[2.185s] DEBUG:colcon.colcon_parallel_executor.executor.parallel:closing loop
[2.186s] DEBUG:colcon.colcon_parallel_executor.executor.parallel:loop closed
[2.186s] DEBUG:colcon.colcon_parallel_executor.executor.parallel:run_until_complete finished with '0'
[2.186s] DEBUG:colcon.colcon_core.event_reactor:joining thread
[2.263s] INFO:colcon.colcon_core.plugin_system:Skipping extension 'colcon_notification.desktop_notification.notify_send': Could not find 'notify-send'
[2.264s] INFO:colcon.colcon_core.plugin_system:Skipping extension 'colcon_notification.desktop_notification.terminal_notifier': Not used on non-Darwin systems
[2.264s] INFO:colcon.colcon_core.plugin_system:Skipping extension 'colcon_notification.desktop_notification.win32': Not used on non-Windows systems
[2.264s] INFO:colcon.colcon_notification.desktop_notification:Sending desktop notification using 'notify2'
[2.266s] DEBUG:colcon.colcon_notification.desktop_notification.notify2:Failed to initialize notify2: org.freedesktop.DBus.Error.ServiceUnknown: The name org.freedesktop.Notifications was not provided by any .service files
[2.266s] DEBUG:colcon.colcon_core.event_reactor:joined thread
[2.267s] INFO:colcon.colcon_core.shell:Creating prefix script '/home/sagar/ros2_ws/install/local_setup.ps1'
[2.268s] INFO:colcon.colcon_core.shell:Creating prefix util module '/home/sagar/ros2_ws/install/_local_setup_util_ps1.py'
[2.269s] INFO:colcon.colcon_core.shell:Creating prefix chain script '/home/sagar/ros2_ws/install/setup.ps1'
[2.271s] INFO:colcon.colcon_core.shell:Creating prefix script '/home/sagar/ros2_ws/install/local_setup.sh'
[2.272s] INFO:colcon.colcon_core.shell:Creating prefix util module '/home/sagar/ros2_ws/install/_local_setup_util_sh.py'
[2.272s] INFO:colcon.colcon_core.shell:Creating prefix chain script '/home/sagar/ros2_ws/install/setup.sh'
[2.274s] INFO:colcon.colcon_core.shell:Creating prefix script '/home/sagar/ros2_ws/install/local_setup.bash'
[2.275s] INFO:colcon.colcon_core.shell:Creating prefix chain script '/home/sagar/ros2_ws/install/setup.bash'
[2.276s] INFO:colcon.colcon_core.shell:Creating prefix script '/home/sagar/ros2_ws/install/local_setup.zsh'
[2.277s] INFO:colcon.colcon_core.shell:Creating prefix chain script '/home/sagar/ros2_ws/install/setup.zsh'
