running egg_info
creating ../../build/my_robot_package/my_robot_package.egg-info
writing ../../build/my_robot_package/my_robot_package.egg-info/PKG-INFO
writing dependency_links to ../../build/my_robot_package/my_robot_package.egg-info/dependency_links.txt
writing entry points to ../../build/my_robot_package/my_robot_package.egg-info/entry_points.txt
writing requirements to ../../build/my_robot_package/my_robot_package.egg-info/requires.txt
writing top-level names to ../../build/my_robot_package/my_robot_package.egg-info/top_level.txt
writing manifest file '../../build/my_robot_package/my_robot_package.egg-info/SOURCES.txt'
reading manifest file '../../build/my_robot_package/my_robot_package.egg-info/SOURCES.txt'
writing manifest file '../../build/my_robot_package/my_robot_package.egg-info/SOURCES.txt'
running build
running build_py
creating /home/sagar/ros2_ws/build/my_robot_package/build
creating /home/sagar/ros2_ws/build/my_robot_package/build/lib
creating /home/sagar/ros2_ws/build/my_robot_package/build/lib/my_robot_package
copying my_robot_package/my_robot_node.py -> /home/sagar/ros2_ws/build/my_robot_package/build/lib/my_robot_package
copying my_robot_package/__init__.py -> /home/sagar/ros2_ws/build/my_robot_package/build/lib/my_robot_package
running install
running install_lib
creating /home/sagar/ros2_ws/install/my_robot_package/lib/python3.8/site-packages/my_robot_package
copying /home/sagar/ros2_ws/build/my_robot_package/build/lib/my_robot_package/my_robot_node.py -> /home/sagar/ros2_ws/install/my_robot_package/lib/python3.8/site-packages/my_robot_package
copying /home/sagar/ros2_ws/build/my_robot_package/build/lib/my_robot_package/__init__.py -> /home/sagar/ros2_ws/install/my_robot_package/lib/python3.8/site-packages/my_robot_package
byte-compiling /home/sagar/ros2_ws/install/my_robot_package/lib/python3.8/site-packages/my_robot_package/my_robot_node.py to my_robot_node.cpython-38.pyc
byte-compiling /home/sagar/ros2_ws/install/my_robot_package/lib/python3.8/site-packages/my_robot_package/__init__.py to __init__.cpython-38.pyc
running install_egg_info
Copying ../../build/my_robot_package/my_robot_package.egg-info to /home/sagar/ros2_ws/install/my_robot_package/lib/python3.8/site-packages/my_robot_package-0.0.1-py3.8.egg-info
running install_scripts
Installing my_robot_node script to /home/sagar/ros2_ws/install/my_robot_package/bin
writing list of installed files to '/home/sagar/ros2_ws/build/my_robot_package/install.log'
