[0.879s] Invoking command in '/home/sagar/ros2_ws/src/my_camera_package': PYTHONPATH=/home/sagar/ros2_ws/build/my_camera_package/prefix_override:/usr/lib/python3/dist-packages/colcon_core/task/python/colcon_distutils_commands:/home/sagar/ros2_ws/install/my_camera_package/lib/python3.8/site-packages:${PYTHONPATH} /usr/bin/python3 -W ignore:setup.py install is deprecated setup.py egg_info --egg-base ../../build/my_camera_package build --build-base /home/sagar/ros2_ws/build/my_camera_package/build install --record /home/sagar/ros2_ws/build/my_camera_package/install.log --install-scripts $base/lib/my_camera_package --single-version-externally-managed
[1.065s] running egg_info
[1.066s] writing ../../build/my_camera_package/my_camera_package.egg-info/PKG-INFO
[1.066s] writing dependency_links to ../../build/my_camera_package/my_camera_package.egg-info/dependency_links.txt
[1.066s] writing entry points to ../../build/my_camera_package/my_camera_package.egg-info/entry_points.txt
[1.066s] writing requirements to ../../build/my_camera_package/my_camera_package.egg-info/requires.txt
[1.067s] writing top-level names to ../../build/my_camera_package/my_camera_package.egg-info/top_level.txt
[1.099s] reading manifest file '../../build/my_camera_package/my_camera_package.egg-info/SOURCES.txt'
[1.100s] writing manifest file '../../build/my_camera_package/my_camera_package.egg-info/SOURCES.txt'
[1.100s] running build
[1.100s] running build_py
[1.101s] copying my_camera_package/occupancy_grid_map_node.py -> /home/sagar/ros2_ws/build/my_camera_package/build/lib/my_camera_package
[1.101s] running install
[1.102s] running install_lib
[1.103s] copying /home/sagar/ros2_ws/build/my_camera_package/build/lib/my_camera_package/occupancy_grid_map_node.py -> /home/sagar/ros2_ws/install/my_camera_package/lib/python3.8/site-packages/my_camera_package
[1.104s] byte-compiling /home/sagar/ros2_ws/install/my_camera_package/lib/python3.8/site-packages/my_camera_package/occupancy_grid_map_node.py to occupancy_grid_map_node.cpython-38.pyc
[1.106s] running install_egg_info
[1.108s] removing '/home/sagar/ros2_ws/install/my_camera_package/lib/python3.8/site-packages/my_camera_package-0.0.0-py3.8.egg-info' (and everything under it)
[1.108s] Copying ../../build/my_camera_package/my_camera_package.egg-info to /home/sagar/ros2_ws/install/my_camera_package/lib/python3.8/site-packages/my_camera_package-0.0.0-py3.8.egg-info
[1.109s] running install_scripts
[1.130s] Installing image2 script to /home/sagar/ros2_ws/install/my_camera_package/lib/my_camera_package
[1.130s] Installing occupancy_grid_map_node script to /home/sagar/ros2_ws/install/my_camera_package/lib/my_camera_package
[1.130s] writing list of installed files to '/home/sagar/ros2_ws/build/my_camera_package/install.log'
[1.167s] Invoked command in '/home/sagar/ros2_ws/src/my_camera_package' returned '0': PYTHONPATH=/home/sagar/ros2_ws/build/my_camera_package/prefix_override:/usr/lib/python3/dist-packages/colcon_core/task/python/colcon_distutils_commands:/home/sagar/ros2_ws/install/my_camera_package/lib/python3.8/site-packages:${PYTHONPATH} /usr/bin/python3 -W ignore:setup.py install is deprecated setup.py egg_info --egg-base ../../build/my_camera_package build --build-base /home/sagar/ros2_ws/build/my_camera_package/build install --record /home/sagar/ros2_ws/build/my_camera_package/install.log --install-scripts $base/lib/my_camera_package --single-version-externally-managed
