[0.927s] Invoking command in '/home/sagar/ros2_ws/src/my_robot_package': PYTHONPATH=/home/sagar/ros2_ws/build/my_robot_package/prefix_override:/usr/lib/python3/dist-packages/colcon_core/task/python/colcon_distutils_commands:/home/sagar/ros2_ws/install/my_robot_package/lib/python3.8/site-packages:${PYTHONPATH} /usr/bin/python3 -W ignore:setup.py install is deprecated setup.py egg_info --egg-base ../../build/my_robot_package build --build-base /home/sagar/ros2_ws/build/my_robot_package/build install --record /home/sagar/ros2_ws/build/my_robot_package/install.log --single-version-externally-managed
[1.125s] running egg_info
[1.125s] writing ../../build/my_robot_package/my_robot_package.egg-info/PKG-INFO
[1.126s] writing dependency_links to ../../build/my_robot_package/my_robot_package.egg-info/dependency_links.txt
[1.126s] writing entry points to ../../build/my_robot_package/my_robot_package.egg-info/entry_points.txt
[1.126s] writing requirements to ../../build/my_robot_package/my_robot_package.egg-info/requires.txt
[1.126s] writing top-level names to ../../build/my_robot_package/my_robot_package.egg-info/top_level.txt
[1.164s] reading manifest file '../../build/my_robot_package/my_robot_package.egg-info/SOURCES.txt'
[1.165s] writing manifest file '../../build/my_robot_package/my_robot_package.egg-info/SOURCES.txt'
[1.166s] running build
[1.166s] running build_py
[1.166s] running install
[1.167s] running install_lib
[1.169s] running install_egg_info
[1.171s] removing '/home/sagar/ros2_ws/install/my_robot_package/lib/python3.8/site-packages/my_robot_package-0.0.1-py3.8.egg-info' (and everything under it)
[1.171s] Copying ../../build/my_robot_package/my_robot_package.egg-info to /home/sagar/ros2_ws/install/my_robot_package/lib/python3.8/site-packages/my_robot_package-0.0.1-py3.8.egg-info
[1.172s] running install_scripts
[1.193s] Installing my_robot_node script to /home/sagar/ros2_ws/install/my_robot_package/bin
[1.194s] writing list of installed files to '/home/sagar/ros2_ws/build/my_robot_package/install.log'
[1.232s] Invoked command in '/home/sagar/ros2_ws/src/my_robot_package' returned '0': PYTHONPATH=/home/sagar/ros2_ws/build/my_robot_package/prefix_override:/usr/lib/python3/dist-packages/colcon_core/task/python/colcon_distutils_commands:/home/sagar/ros2_ws/install/my_robot_package/lib/python3.8/site-packages:${PYTHONPATH} /usr/bin/python3 -W ignore:setup.py install is deprecated setup.py egg_info --egg-base ../../build/my_robot_package build --build-base /home/sagar/ros2_ws/build/my_robot_package/build install --record /home/sagar/ros2_ws/build/my_robot_package/install.log --single-version-externally-managed
